<?xml version="1.0" encoding="UTF-8"?>
<!-- Generated by org.testng.reporters.JUnitReportReporter -->
<testsuite skipped="0" hostname="DESKTOP-2T9UMEL" name="amazon_shopping.TestCases" tests="3" failures="0" timestamp="29 Sep 2018 11:55:47 GMT" time="74.523" errors="0">
  <testcase name="Test1" time="21.757" classname="amazon_shopping.TestCases"/>
  <testcase name="Test2" time="22.581" classname="amazon_shopping.TestCases"/>
  <testcase name="Test3" time="30.185" classname="amazon_shopping.TestCases"/>
</testsuite> <!-- amazon_shopping.TestCases -->
